e:\2_курс\4сем\окг\lab1\lab01\debug\lab1.pch
e:\2_курс\4сем\окг\lab1\lab01\debug\vc143.pdb
e:\2_курс\4сем\окг\lab1\lab01\debug\vc143.idb
e:\2_курс\4сем\окг\lab1\lab01\debug\stdafx.obj
e:\2_курс\4сем\окг\lab1\lab01\debug\mainfrm.obj
e:\2_курс\4сем\окг\lab1\lab01\debug\libgraph.obj
e:\2_курс\4сем\окг\lab1\lab01\debug\lab01.obj
e:\2_курс\4сем\окг\lab1\lab01\debug\cmatrix.obj
e:\2_курс\4сем\окг\lab1\lab01\debug\childview.obj
e:\2_курс\4сем\окг\lab1\debug\lab1.exe
e:\2_курс\4сем\окг\lab1\lab01\debug\lab1.ilk
e:\2_курс\4сем\окг\lab1\debug\lab1.pdb
e:\2_курс\4сем\окг\lab1\lab01\debug\lab01.res
e:\2_курс\4сем\окг\lab1\lab01\debug\lab1.tlog\cl.command.1.tlog
e:\2_курс\4сем\окг\lab1\lab01\debug\lab1.tlog\cl.read.1.tlog
e:\2_курс\4сем\окг\lab1\lab01\debug\lab1.tlog\cl.write.1.tlog
e:\2_курс\4сем\окг\lab1\lab01\debug\lab1.tlog\link.command.1.tlog
e:\2_курс\4сем\окг\lab1\lab01\debug\lab1.tlog\link.read.1.tlog
e:\2_курс\4сем\окг\lab1\lab01\debug\lab1.tlog\link.write.1.tlog
e:\2_курс\4сем\окг\lab1\lab01\debug\lab1.tlog\rc.command.1.tlog
e:\2_курс\4сем\окг\lab1\lab01\debug\lab1.tlog\rc.read.1.tlog
e:\2_курс\4сем\окг\lab1\lab01\debug\lab1.tlog\rc.write.1.tlog
