d:\4 семестр\окг\лабы\lab_5\lab6\lab6\lab01\x64\debug\lab5.pch
d:\4 семестр\окг\лабы\lab_5\lab6\lab6\lab01\x64\debug\vc143.pdb
d:\4 семестр\окг\лабы\lab_5\lab6\lab6\lab01\x64\debug\vc143.idb
d:\4 семестр\окг\лабы\lab_5\lab6\lab6\lab01\x64\debug\stdafx.obj
d:\4 семестр\окг\лабы\lab_5\lab6\lab6\lab01\x64\debug\mainfrm.obj
d:\4 семестр\окг\лабы\lab_5\lab6\lab6\lab01\x64\debug\libsurface.obj
d:\4 семестр\окг\лабы\lab_5\lab6\lab6\lab01\x64\debug\libgraph.obj
d:\4 семестр\окг\лабы\lab_5\lab6\lab6\lab01\x64\debug\lab06.obj
d:\4 семестр\окг\лабы\lab_5\lab6\lab6\lab01\x64\debug\cmatrix.obj
d:\4 семестр\окг\лабы\lab_5\lab6\lab6\lab01\x64\debug\childview.obj
d:\4 семестр\окг\лабы\lab_5\lab6\lab6\x64\debug\lab5.exe
d:\4 семестр\окг\лабы\lab_5\lab6\lab6\lab01\x64\debug\lab5.ilk
d:\4 семестр\окг\лабы\lab_5\lab6\lab6\x64\debug\lab5.pdb
d:\4 семестр\окг\лабы\lab_5\lab6\lab6\lab01\x64\debug\lab01.res
d:\4 семестр\окг\лабы\lab_5\lab6\lab6\lab01\x64\debug\lab06.ilk
d:\4 семестр\окг\лабы\lab_5\lab6\lab6\lab01\x64\debug\lab06.pch
d:\4 семестр\окг\лабы\lab_5\lab6\lab6\lab01\x64\debug\lab5.tlog\cl.command.1.tlog
d:\4 семестр\окг\лабы\lab_5\lab6\lab6\lab01\x64\debug\lab5.tlog\cl.read.1.tlog
d:\4 семестр\окг\лабы\lab_5\lab6\lab6\lab01\x64\debug\lab5.tlog\cl.write.1.tlog
d:\4 семестр\окг\лабы\lab_5\lab6\lab6\lab01\x64\debug\lab5.tlog\link.command.1.tlog
d:\4 семестр\окг\лабы\lab_5\lab6\lab6\lab01\x64\debug\lab5.tlog\link.read.1.tlog
d:\4 семестр\окг\лабы\lab_5\lab6\lab6\lab01\x64\debug\lab5.tlog\link.write.1.tlog
d:\4 семестр\окг\лабы\lab_5\lab6\lab6\lab01\x64\debug\lab5.tlog\rc.command.1.tlog
d:\4 семестр\окг\лабы\lab_5\lab6\lab6\lab01\x64\debug\lab5.tlog\rc.read.1.tlog
d:\4 семестр\окг\лабы\lab_5\lab6\lab6\lab01\x64\debug\lab5.tlog\rc.write.1.tlog
