  ConcurrentServer.cpp
D:\_Labs_3_course\_Labs_1_sem\SHIMAN\PRACTICE\SH_Laba_8_10\ConcurrentServer\Global.h(112,35): warning C4312:  приведение типов: преобразование из "DWORD" в "Contact *" большего размера
D:\_Labs_3_course\_Labs_1_sem\SHIMAN\PRACTICE\SH_Laba_8_10\ConcurrentServer\Global.h(128,35): warning C4312:  приведение типов: преобразование из "DWORD" в "Contact *" большего размера
D:\_Labs_3_course\_Labs_1_sem\SHIMAN\PRACTICE\SH_Laba_8_10\ConcurrentServer\DispathServer.h(38,25): warning C4553:  "==": результат выражения не используется; вы хотели использовать "="?
D:\_Labs_3_course\_Labs_1_sem\SHIMAN\PRACTICE\SH_Laba_8_10\ConcurrentServer\DispathServer.h(39,28): warning C4553:  "==": результат выражения не используется; вы хотели использовать "="?
D:\_Labs_3_course\_Labs_1_sem\SHIMAN\PRACTICE\SH_Laba_8_10\ConcurrentServer\ResponseServer.h(46,14): warning C4267:  аргумент: преобразование из "size_t" в "int"; возможна потеря данных
LINK : fatal error LNK1104: не удается открыть файл "D:\_Labs_3_course\_Labs_1_sem\SHIMAN\PRACTICE\SH_Laba_8_10\SH_Laba_8_10\x64\Debug\Service_Library.lib"

Итоги по проекту:
        3 мс вызовов   3 D:\_Labs_3_course\_Labs_1_sem\SHIMAN\PRACTICE\SH_Laba_8_10\Service_Library\Service_Library.vcxproj
                  1 мс вызовов   1 GetTargetPath                           
                  1 мс вызовов   1 GetNativeManifest                       
                  1 мс вызовов   1 GetResolvedLinkLibs                     
     3318 мс вызовов   1 D:\_Labs_3_course\_Labs_1_sem\SHIMAN\PRACTICE\SH_Laba_8_10\ConcurrentServer\ConcurrentServer.vcxproj
               3318 мс вызовов   1 Rebuild                                 

Итоги по целям:
        0 мс вызовов   1 SelectCustomBuild                       
        0 мс вызовов   1 ComputeCLInputPDBName                   
        0 мс вызовов   1 BeforeClCompile                         
        0 мс вызовов   1 BuildCompileTraverse                    
        0 мс вызовов   1 BuildGenerateSources                    
        0 мс вызовов   1 _BuildGenerateSourcesAction             
        0 мс вызовов   1 AfterBuildGenerateSourcesEvent          
        0 мс вызовов   1 AfterBuildGenerateSources               
        0 мс вызовов   1 WarnCompileDuplicatedFilename           
        0 мс вызовов   1 _Midl                                   
        0 мс вызовов   1 ComputeMIDLGeneratedCompileInputs       
        0 мс вызовов   1 MakeDirsForMidl                         
        0 мс вызовов   1 _Xsd                                    
        0 мс вызовов   1 ComputeLinkSwitches                     
        0 мс вызовов   1 ComputeCustomBuildOutput                
        0 мс вызовов   1 _SelectedFiles                          
        0 мс вызовов   1 PreBuildEvent                           
        0 мс вызовов   1 AfterMidl                               
        0 мс вызовов   1 FixupCLCompileOptions                   
        0 мс вызовов   1 SelectClCompile                         
        0 мс вызовов   1 AfterClCompile                          
        0 мс вызовов   1 ComputeResolveLinkObj                   
        0 мс вызовов   1 PrepareResourceNames                    
        0 мс вызовов   1 ComputeCLGeneratedLinkInputs            
        0 мс вызовов   1 ComputeCLOutputs                        
        0 мс вызовов   1 ComputeManifestGeneratedLinkerInputs    
        0 мс вызовов   1 ComputeRCGeneratedLinkInputs            
        0 мс вызовов   1 ComputeRCOutputs                        
        0 мс вызовов   1 BeforeLink                              
        0 мс вызовов   1 BuildLinkTraverse                       
        0 мс вызовов   1 BuildCompile                            
        0 мс вызовов   1 _BuildCompileAction                     
        0 мс вызовов   1 AfterBuildCompileEvent                  
        0 мс вызовов   1 _ResourceCompile                        
        0 мс вызовов   1 AfterResourceCompile                    
        0 мс вызовов   1 MakeDirsForResourceCompile              
        0 мс вызовов   1 BeforeResourceCompile                   
        0 мс вызовов   1 _ClCompile                              
        0 мс вызовов   1 BeforeBuildGenerateSources              
        0 мс вызовов   1 BuildGenerateSourcesTraverse            
        0 мс вызовов   1 CreateCustomManifestResourceNames       
        0 мс вызовов   1 CleanReferencedProjects                 
        0 мс вызовов   1 CppClean                                
        0 мс вызовов   1 _PrepareForBuild                        
        0 мс вызовов   1 AfterCppClean                           
        0 мс вызовов   1 BeforeCppClean                          
        0 мс вызовов   1 BeforeResolveReferences                 
        0 мс вызовов   1 _RemoveNameMetadataFromProjectReferenceItems
        0 мс вызовов   1 DoLinkOutputFilesMatch                  
        0 мс вызовов   1 GetTargetPathWithTargetPlatformMoniker  
        0 мс вызовов   1 GetTargetPath                           
        0 мс вызовов   1 AfterClean                              
        0 мс вызовов   1 GetFrameworkPaths                       
        0 мс вызовов   1 Clean                                   
        0 мс вызовов   1 ResolveReferences                       
        0 мс вызовов   1 GetResolvedWinMD                        
        0 мс вызовов   1 BeforeClean                             
        0 мс вызовов   1 SetCABuildNativeEnvironmentVariables    
        0 мс вызовов   1 BeforeRebuild                           
        0 мс вызовов   1 ResolveSDKReferences                    
        0 мс вызовов   1 _PrepareForRebuild                      
        0 мс вызовов   1 ExpandSDKReferences                     
        0 мс вызовов   1 AfterResolveReferences                  
        0 мс вызовов   1 PrepareProjectReferences                
        1 мс вызовов   1 ResolveAssemblyReferences               
        1 мс вызовов   1 SetTelemetryEnvironmentVariables        
        1 мс вызовов   1 MakeDirsForLink                         
        1 мс вызовов   1 _PrepareForClean                        
        1 мс вызовов   1 CopyFileToFolders                       
        1 мс вызовов   1 _GetProjectReferenceTargetFrameworkProperties
        1 мс вызовов   1 ComputeManifestInputsTargets            
        1 мс вызовов   1 PreLinkEvent                            
        1 мс вызовов   1 CleanPublishFolder                      
        1 мс вызовов   1 _CheckWindowsSDKInstalled               
        1 мс вызовов   1 _PrepareForReferenceResolution          
        1 мс вызовов   1 ComputeLinkInputsFromProject            
        1 мс вызовов   1 ComputeLegacyManifestEmbedding          
        1 мс вызовов   1 AssignTargetPaths                       
        1 мс вызовов   1 ComputeReferenceCLInput                 
        1 мс вызовов   1 GetReferenceAssemblyPaths               
        1 мс вызовов   1 SetBuildDefaultEnvironmentVariables     
        1 мс вызовов   1 _SplitProjectReferencesByFileExistence  
        1 мс вызовов   1 PGInstrumentedClean                     
        1 мс вызовов   1 ComputeReferenceLinkInputs              
        1 мс вызовов   1 GetNativeManifest                       
        1 мс вызовов   1 GetResolvedLinkLibs                     
        1 мс вызовов   1 SplitResourcesByCulture                 
        1 мс вызовов   1 _HandlePackageFileConflicts             
        2 мс вызовов   1 MakeDirsForCl                           
        2 мс вызовов   1 CustomBuild                             
        2 мс вызовов   1 AssignProjectConfiguration              
        3 мс вызовов   1 InitializeBuildStatus                   
        3 мс вызовов   1 CoreClean                               
        5 мс вызовов   1 PrepareForBuild                         
       10 мс вызовов   1 _CheckForInvalidConfigurationAndPlatform
       29 мс вызовов   1 ResolvedLinkLib                         
       63 мс вызовов   1 ResolveProjectReferences                
       80 мс вызовов   1 CoreCppClean                            
      215 мс вызовов   1 Link                                    
     2879 мс вызовов   1 ClCompile                               

Итоги по задачам:
        0 мс вызовов   2 Message                                 
        0 мс вызовов   1 AssignCulture                           
        0 мс вызовов   2 FindUnderPath                           
        0 мс вызовов   1 RemoveDuplicates                        
        0 мс вызовов   9 MakeDir                                 
        0 мс вызовов   1 AssignProjectConfiguration              
        1 мс вызовов   2 ReadLinesFromFile                       
        1 мс вызовов   4 AssignTargetPath                        
        1 мс вызовов   1 ResolveNonMSBuildProjectOutput          
        1 мс вызовов   1 CheckVCToolsetVersion                   
        1 мс вызовов   1 Touch                                   
        1 мс вызовов   1 ResolvePackageFileConflicts             
        2 мс вызовов   8 SetEnv                                  
        2 мс вызовов   5 Delete                                  
        3 мс вызовов   3 WriteLinesToFile                        
        3 мс вызовов   3 GetOutOfDateItems                       
       78 мс вызовов   1 CppClean                                
       90 мс вызовов   3 MSBuild                                 
      214 мс вызовов   1 Link                                    
     2878 мс вызовов   1 CL                                      
